Reset timer
START: Flashing /home/mpubuntu/Desktop/panic/programmer/smallbin/sconv_vplain_opt.out
	wrote: 0B
	wrote: 1024B
	wrote: 2048B
	wrote: 3072B
	wrote: 4096B
	wrote: 5120B
	wrote: 6144B
	wrote: 7168B
	wrote: 8192B
	wrote: 9216B
	wrote: 10240B
	wrote: 11264B
	wrote: 12288B
	wrote: 13312B
	wrote: 14336B
Done: Flashing 14640B
STAMP @ 9.830s
STAMP @ 9.834s

=====================
Rows: 14
Cols: 14
704 -1248 1536 96 256 -544 96 32 928 992 -1248 -1056 928 -928 
-640 -32 960 192 -960 800 -1280 512 -352 224 256 160 -192 0 
608 32 -736 0 640 800 832 -1632 1664 0 -2112 896 -1024 0 
-352 -128 864 -1024 -576 0 -1120 1312 -512 128 1088 -1824 896 64 
-128 0 0 192 512 -864 192 -896 1952 -1472 672 160 -1024 -224 
1376 -512 -320 0 256 1536 -1632 1792 -832 768 32 -832 -64 0 
-384 1376 -256 736 832 -1856 -192 0 160 -544 1472 -1216 864 -544 
352 0 352 -640 544 448 -640 832 -544 -480 -224 1696 -832 -704 
0 1056 -672 896 896 -1920 576 640 -1184 -576 768 576 128 -992 
1216 32 -576 -32 -640 -64 -672 1344 -512 -544 608 -64 -672 0 
704 864 -1376 704 832 -1056 1984 -992 15008 -1504 1664 -128 672 32160 
896 -608 480 -128 -1504 800 96 1216 -352 768 -1760 -128 592 192 
160 1376 -64 -608 -352 -32 704 96 -768 -128 -480 0 256 -288 
352 576 256 -448 -32 0 256 -288 64 512 -608 -448 832 0 
done ===================== 
